<?xml version="1.0" encoding="UTF-8"?>
<!-- Generated by org.testng.reporters.JUnitXMLReporter -->
<testsuite ignored="0" hostname="DESKTOP-FKF169D" failures="0" tests="3" name="Test" time="22.859" errors="0" timestamp="2022-08-01T18:12:07 IST">
  <testcase classname="com.sauceDemo.TestClasses.TC_002PracticeTestNGSingleProductAddtoCart" name="verifysingleproductaddtocart" time="0.474"/>
  <testcase classname="com.sauceDemo.TestClasses.TC_001PracticeTestNGLoginFunctionality" name="loginfunctionality" time="0.061"/>
  <testcase classname="com.sauceDemo.TestClasses.TC003PracticeTestNGMultipleProductAddtoCart" name="verifymultipleproductaddtocart" time="0.775"/>
</testsuite> <!-- Test -->
