<?xml version="1.0" encoding="UTF-8"?>
<!-- Generated by org.testng.reporters.JUnitXMLReporter -->
<testsuite ignored="0" hostname="DESKTOP-FKF169D" failures="0" tests="4" name="Firefoxtest" time="102.313" errors="0" timestamp="2022-08-07T11:03:34 IST">
  <testcase classname="com.sauceDemo.TestClasses.TC_001PracticeTestNGLoginFunctionality" name="loginfunctionality" time="0.325"/>
  <testcase classname="com.sauceDemo.TestClasses.TC_004TestNGLogoutFunctionality" name="logoutfunctionality" time="0.17"/>
  <testcase classname="com.sauceDemo.TestClasses.TC_002PracticeTestNGSingleProductAddtoCart" name="verifysingleproductaddtocart" time="11.524"/>
  <testcase classname="com.sauceDemo.TestClasses.TC003PracticeTestNGMultipleProductAddtoCart" name="verifymultipleproductaddtocart" time="15.795"/>
</testsuite> <!-- Firefoxtest -->
