<?xml version="1.0" encoding="UTF-8"?>
<!-- Generated by org.testng.reporters.JUnitXMLReporter -->
<testsuite ignored="0" hostname="DESKTOP-FKF169D" failures="0" tests="2" name="Low  Level Test" time="11.23" errors="0" timestamp="2022-08-05T13:57:51 IST">
  <testcase classname="com.sauceDemo.TestClasses.TC_004TestNGLogoutFunctionality" name="logoutfunctionality" time="0.034"/>
  <testcase classname="com.sauceDemo.TestClasses.TC003PracticeTestNGMultipleProductAddtoCart" name="verifymultipleproductaddtocart" time="0.566"/>
</testsuite> <!-- Low  Level Test -->
